  characteristics_calculator.cpp
  data_loader.cpp
C:\Program Files\Microsoft Visual Studio\2022\Community\VC\Tools\MSVC\14.34.31933\include\filesystem(13): warning STL4038: The contents of <filesystem> are available only with C++17 or later.
C:\Users\Marko\Skola\repos\ppr\include\data_loader.h(6,42): error C3083: 'filesystem': the symbol to the left of a '::' must be a type
C:\Users\Marko\Skola\repos\ppr\include\data_loader.h(6,54): error C2039: 'path': is not a member of 'std'
C:\Program Files\Microsoft Visual Studio\2022\Community\VC\Tools\MSVC\14.34.31933\include\iostream(19,1): message : see declaration of 'std'
C:\Users\Marko\Skola\repos\ppr\include\data_loader.h(6,58): error C4430: missing type specifier - int assumed. Note: C++ does not support default-int
C:\Users\Marko\Skola\repos\ppr\include\data_loader.h(6,58): error C2143: syntax error: missing ',' before '&'
C:\Users\Marko\Skola\repos\ppr\src\cpu\data_loader.cpp(8,42): error C3083: 'filesystem': the symbol to the left of a '::' must be a type
C:\Users\Marko\Skola\repos\ppr\src\cpu\data_loader.cpp(8,54): error C2039: 'path': is not a member of 'std'
C:\Program Files\Microsoft Visual Studio\2022\Community\VC\Tools\MSVC\14.34.31933\include\iostream(19,1): message : see declaration of 'std'
C:\Users\Marko\Skola\repos\ppr\src\cpu\data_loader.cpp(8,58): error C4430: missing type specifier - int assumed. Note: C++ does not support default-int
C:\Users\Marko\Skola\repos\ppr\src\cpu\data_loader.cpp(8,58): error C2143: syntax error: missing ',' before '&'
C:\Users\Marko\Skola\repos\ppr\src\cpu\data_loader.cpp(11,12): error C3083: 'filesystem': the symbol to the left of a '::' must be a type
C:\Users\Marko\Skola\repos\ppr\src\cpu\data_loader.cpp(11,24): error C2039: 'exists': is not a member of 'std'
C:\Program Files\Microsoft Visual Studio\2022\Community\VC\Tools\MSVC\14.34.31933\include\iostream(19,1): message : see declaration of 'std'
C:\Users\Marko\Skola\repos\ppr\src\cpu\data_loader.cpp(11,5): error C3861: 'exists': identifier not found
C:\Users\Marko\Skola\repos\ppr\src\cpu\data_loader.cpp(11,45): error C3083: 'filesystem': the symbol to the left of a '::' must be a type
C:\Users\Marko\Skola\repos\ppr\src\cpu\data_loader.cpp(11,57): error C2039: 'is_directory': is not a member of 'std'
C:\Program Files\Microsoft Visual Studio\2022\Community\VC\Tools\MSVC\14.34.31933\include\iostream(19,1): message : see declaration of 'std'
C:\Users\Marko\Skola\repos\ppr\src\cpu\data_loader.cpp(11,5): error C3861: 'is_directory': identifier not found
C:\Users\Marko\Skola\repos\ppr\src\cpu\data_loader.cpp(16,28): error C2665: 'std::basic_ifstream<char,std::char_traits<char>>::basic_ifstream': no overloaded function could convert all the argument types
C:\Program Files\Microsoft Visual Studio\2022\Community\VC\Tools\MSVC\14.34.31933\include\fstream(836,5): message : could be 'std::basic_ifstream<char,std::char_traits<char>>::basic_ifstream(const std::wstring &,std::ios_base::openmode,int)'
C:\Users\Marko\Skola\repos\ppr\src\cpu\data_loader.cpp(16,28): message : 'std::basic_ifstream<char,std::char_traits<char>>::basic_ifstream(const std::wstring &,std::ios_base::openmode,int)': cannot convert argument 1 from 'const int' to 'const std::wstring &'
C:\Users\Marko\Skola\repos\ppr\src\cpu\data_loader.cpp(16,29): message : Reason: cannot convert from 'const int' to 'const std::wstring'
C:\Users\Marko\Skola\repos\ppr\src\cpu\data_loader.cpp(16,29): message : No constructor could take the source type, or constructor overload resolution was ambiguous
C:\Program Files\Microsoft Visual Studio\2022\Community\VC\Tools\MSVC\14.34.31933\include\fstream(827,5): message : or       'std::basic_ifstream<char,std::char_traits<char>>::basic_ifstream(const wchar_t *,std::ios_base::openmode,int)'
C:\Users\Marko\Skola\repos\ppr\src\cpu\data_loader.cpp(16,28): message : 'std::basic_ifstream<char,std::char_traits<char>>::basic_ifstream(const wchar_t *,std::ios_base::openmode,int)': cannot convert argument 1 from 'const int' to 'const wchar_t *'
C:\Users\Marko\Skola\repos\ppr\src\cpu\data_loader.cpp(16,29): message : Conversion from integral type to pointer type requires reinterpret_cast, C-style cast or parenthesized function-style cast
C:\Program Files\Microsoft Visual Studio\2022\Community\VC\Tools\MSVC\14.34.31933\include\fstream(823,5): message : or       'std::basic_ifstream<char,std::char_traits<char>>::basic_ifstream(const std::string &,std::ios_base::openmode,int)'
C:\Users\Marko\Skola\repos\ppr\src\cpu\data_loader.cpp(16,28): message : 'std::basic_ifstream<char,std::char_traits<char>>::basic_ifstream(const std::string &,std::ios_base::openmode,int)': cannot convert argument 1 from 'const int' to 'const std::string &'
C:\Users\Marko\Skola\repos\ppr\src\cpu\data_loader.cpp(16,29): message : Reason: cannot convert from 'const int' to 'const std::string'
C:\Users\Marko\Skola\repos\ppr\src\cpu\data_loader.cpp(16,29): message : No constructor could take the source type, or constructor overload resolution was ambiguous
C:\Program Files\Microsoft Visual Studio\2022\Community\VC\Tools\MSVC\14.34.31933\include\fstream(814,5): message : or       'std::basic_ifstream<char,std::char_traits<char>>::basic_ifstream(const char *,std::ios_base::openmode,int)'
C:\Users\Marko\Skola\repos\ppr\src\cpu\data_loader.cpp(16,28): message : 'std::basic_ifstream<char,std::char_traits<char>>::basic_ifstream(const char *,std::ios_base::openmode,int)': cannot convert argument 1 from 'const int' to 'const char *'
C:\Users\Marko\Skola\repos\ppr\src\cpu\data_loader.cpp(16,29): message : Conversion from integral type to pointer type requires reinterpret_cast, C-style cast or parenthesized function-style cast
C:\Program Files\Microsoft Visual Studio\2022\Community\VC\Tools\MSVC\14.34.31933\include\fstream(841,5): message : or       'std::basic_ifstream<char,std::char_traits<char>>::basic_ifstream(const _Ty &,std::ios_base::openmode,int)'
C:\Users\Marko\Skola\repos\ppr\src\cpu\data_loader.cpp(16,1): message : 'std::basic_ifstream<char,std::char_traits<char>>::basic_ifstream(const _Ty &,std::ios_base::openmode,int)': could not deduce template argument for '__formal'
C:\Users\Marko\Skola\repos\ppr\src\cpu\data_loader.cpp(16,28): message : while trying to match the argument list '(const int, int)'
C:\Users\Marko\Skola\repos\ppr\src\cpu\data_loader.cpp(22,30): error C3083: 'filesystem': the symbol to the left of a '::' must be a type
C:\Users\Marko\Skola\repos\ppr\src\cpu\data_loader.cpp(22,42): error C2039: 'file_size': is not a member of 'std'
C:\Program Files\Microsoft Visual Studio\2022\Community\VC\Tools\MSVC\14.34.31933\include\iostream(19,1): message : see declaration of 'std'
C:\Users\Marko\Skola\repos\ppr\src\cpu\data_loader.cpp(22,51): error C3536: 'file_size': cannot be used before it is initialized
C:\Users\Marko\Skola\repos\ppr\src\cpu\data_loader.cpp(22,51): error C2064: term does not evaluate to a function taking 1 arguments
  main.cpp
C:\Program Files\Microsoft Visual Studio\2022\Community\VC\Tools\MSVC\14.34.31933\include\filesystem(13): warning STL4038: The contents of <filesystem> are available only with C++17 or later.
C:\Users\Marko\Skola\repos\ppr\include\data_loader.h(6,42): error C3083: 'filesystem': the symbol to the left of a '::' must be a type
C:\Users\Marko\Skola\repos\ppr\include\data_loader.h(6,54): error C2039: 'path': is not a member of 'std'
C:\Program Files\Microsoft Visual Studio\2022\Community\VC\Tools\MSVC\14.34.31933\include\vector(24,1): message : see declaration of 'std'
C:\Users\Marko\Skola\repos\ppr\include\data_loader.h(6,58): error C4430: missing type specifier - int assumed. Note: C++ does not support default-int
C:\Users\Marko\Skola\repos\ppr\include\data_loader.h(6,58): error C2143: syntax error: missing ',' before '&'
C:\Users\Marko\Skola\repos\ppr\src\main.cpp(9,23): error C2664: 'std::vector<double,std::allocator<double>> load_data(const int)': cannot convert argument 1 from 'const char [30]' to 'const int'
C:\Users\Marko\Skola\repos\ppr\src\main.cpp(9,33): message : There is no context in which this conversion is possible
C:\Users\Marko\Skola\repos\ppr\include\data_loader.h(6,21): message : see declaration of 'load_data'
C:\Users\Marko\Skola\repos\ppr\src\main.cpp(9,23): message : while trying to match the argument list '(const char [30])'
C:\Users\Marko\Skola\repos\ppr\src\main.cpp(9,13): error C2737: 'numbers': const object must be initialized
C:\Users\Marko\Skola\repos\ppr\src\main.cpp(13,2): error C2530: 'number': references must be initialized
C:\Users\Marko\Skola\repos\ppr\src\main.cpp(13,2): error C3531: 'number': a symbol whose type contains 'auto' must have an initializer
C:\Users\Marko\Skola\repos\ppr\src\main.cpp(13,26): error C2143: syntax error: missing ';' before ':'
C:\Users\Marko\Skola\repos\ppr\src\main.cpp(13,2): error C3536: 'numbers': cannot be used before it is initialized
C:\Users\Marko\Skola\repos\ppr\src\main.cpp(13,35): error C2143: syntax error: missing ';' before ')'
C:\Users\Marko\Skola\repos\ppr\src\main.cpp(27,7): error C2664: 'void RunningStats::Push_Vector(const std::vector<double,std::allocator<double>> &)': cannot convert argument 1 from 'int' to 'const std::vector<double,std::allocator<double>> &'
C:\Users\Marko\Skola\repos\ppr\src\main.cpp(27,20): message : Reason: cannot convert from 'int' to 'const std::vector<double,std::allocator<double>>'
C:\Users\Marko\Skola\repos\ppr\src\main.cpp(27,20): message : Constructor for class 'std::vector<double,std::allocator<double>>' is declared 'explicit'
C:\Users\Marko\Skola\repos\ppr\include\characteristics_calculator.h(9,10): message : see declaration of 'RunningStats::Push_Vector'
C:\Users\Marko\Skola\repos\ppr\src\main.cpp(27,7): message : while trying to match the argument list '(int)'
C:\Users\Marko\Skola\repos\ppr\src\main.cpp(41,25): error C2109: subscript requires array or pointer type
C:\Users\Marko\Skola\repos\ppr\src\main.cpp(42,29): error C2109: subscript requires array or pointer type
C:\Users\Marko\Skola\repos\ppr\src\main.cpp(43,29): error C2109: subscript requires array or pointer type
C:\Users\Marko\Skola\repos\ppr\src\main.cpp(44,29): error C2109: subscript requires array or pointer type
